<?xml version="1.0" encoding="UTF-8"?>
<!-- Generated by org.testng.reporters.JUnitReportReporter -->
<testsuite hostname="LBLT-15280" failures="0" tests="3" name="TestCases.LoginTest" time="18.667" errors="0" timestamp="28 Jul 2024 14:50:16 GMT" skipped="0">
  <testcase classname="TestCases.LoginTest" name="TC02_LoginFailure" time="6.124"/>
  <testcase classname="TestCases.LoginTest" name="TC01_LoginSuccess" time="6.586"/>
  <testcase classname="TestCases.LoginTest" name="TC03_LockedUser" time="5.957"/>
</testsuite> <!-- TestCases.LoginTest -->
