<?xml version="1.0" encoding="UTF-8"?>
<!-- Generated by org.testng.reporters.JUnitReportReporter -->
<testsuite hostname="LBLT-15280" failures="0" tests="1" name="TestCases.HomeTest" time="10.613" errors="0" timestamp="28 Jul 2024 15:12:27 GMT" skipped="0">
  <testcase classname="TestCases.HomeTest" name="addCart" time="10.613"/>
</testsuite> <!-- TestCases.HomeTest -->
