<?xml version="1.0" encoding="UTF-8"?>
<!-- Generated by org.testng.reporters.JUnitReportReporter -->
<testsuite hostname="LBLT-15280" failures="0" tests="1" name="TestCases.HomeTest" time="8.973" errors="0" timestamp="25 Aug 2024 08:44:45 GMT" skipped="0">
  <testcase classname="TestCases.HomeTest" name="addCart" time="8.973"/>
</testsuite> <!-- TestCases.HomeTest -->
